c:\users\alex\documents\n-gon\n-gon\n-gon\debug\vc120.pdb
c:\users\alex\documents\n-gon\n-gon\n-gon\debug\vc120.idb
c:\users\alex\documents\n-gon\n-gon\n-gon\debug\shader.obj
c:\users\alex\documents\n-gon\n-gon\n-gon\debug\state.obj
c:\users\alex\documents\n-gon\n-gon\n-gon\debug\statemachine.obj
c:\users\alex\documents\n-gon\n-gon\n-gon\debug\texture.obj
c:\users\alex\documents\n-gon\n-gon\n-gon\debug\time.obj
c:\users\alex\documents\n-gon\n-gon\n-gon\debug\transform.obj
c:\users\alex\documents\n-gon\n-gon\n-gon\debug\window.obj
c:\users\alex\documents\n-gon\n-gon\n-gon\debug\enemyspawner.obj
c:\users\alex\documents\n-gon\n-gon\n-gon\debug\levelcontroller.obj
c:\users\alex\documents\n-gon\n-gon\n-gon\debug\linerenderer.obj
c:\users\alex\documents\n-gon\n-gon\n-gon\debug\particleemmiter.obj
c:\users\alex\documents\n-gon\n-gon\n-gon\debug\physics.obj
c:\users\alex\documents\n-gon\n-gon\n-gon\debug\scene.obj
c:\users\alex\documents\n-gon\n-gon\n-gon\debug\shaperenderer.obj
c:\users\alex\documents\n-gon\n-gon\n-gon\debug\n-gon.obj
c:\users\alex\documents\n-gon\n-gon\n-gon\debug\playercontroller.obj
c:\users\alex\documents\n-gon\n-gon\n-gon\debug\scenecamera.obj
c:\users\alex\documents\n-gon\n-gon\n-gon\debug\shipcontroller.obj
c:\users\alex\documents\n-gon\n-gon\n-gon\debug\shipfactory.obj
c:\users\alex\documents\n-gon\n-gon\n-gon\debug\simpleenemycontroller.obj
c:\users\alex\documents\n-gon\n-gon\n-gon\debug\aimingenemycontroller.obj
c:\users\alex\documents\n-gon\n-gon\n-gon\debug\bulletcontroller.obj
c:\users\alex\documents\n-gon\n-gon\n-gon\debug\collisionlistener.obj
c:\users\alex\documents\n-gon\n-gon\n-gon\debug\component.obj
c:\users\alex\documents\n-gon\n-gon\n-gon\debug\controls.obj
c:\users\alex\documents\n-gon\n-gon\n-gon\debug\entity.obj
c:\users\alex\documents\n-gon\n-gon\n-gon\debug\game.obj
c:\users\alex\documents\n-gon\n-gon\n-gon\debug\graphicscapture.obj
c:\users\alex\documents\n-gon\n-gon\n-gon\debug\graphicsmanager.obj
c:\users\alex\documents\n-gon\n-gon\n-gon\debug\graphicsrenderer.obj
c:\users\alex\documents\n-gon\n-gon\n-gon\debug\graphicsresource.obj
c:\users\alex\documents\n-gon\n-gon\n-gon\debug\inputlayoutreader.obj
c:\users\alex\documents\n-gon\n-gon\n-gon\debug\instancegroup.obj
c:\users\alex\documents\n-gon\n-gon\n-gon\debug\mesh.obj
c:\users\alex\documents\n-gon\n-gon\n-gon\debug\object.obj
c:\users\alex\documents\n-gon\n-gon\n-gon\debug\objloader.obj
c:\users\alex\documents\n-gon\n-gon\n-gon\debug\renderpass.obj
c:\users\alex\documents\n-gon\n-gon\n-gon\debug\chaseenemycontroller.obj
c:\users\alex\documents\n-gon\n-gon\debug\n-gon.ilk
c:\users\alex\documents\n-gon\n-gon\debug\n-gon.exe
c:\users\alex\documents\n-gon\n-gon\debug\n-gon.pdb
c:\users\alex\documents\n-gon\n-gon\debug\line.cso
c:\users\alex\documents\n-gon\n-gon\n-gon\debug\n-gon.tlog\cl.command.1.tlog
c:\users\alex\documents\n-gon\n-gon\n-gon\debug\n-gon.tlog\cl.read.1.tlog
c:\users\alex\documents\n-gon\n-gon\n-gon\debug\n-gon.tlog\cl.write.1.tlog
c:\users\alex\documents\n-gon\n-gon\n-gon\debug\n-gon.tlog\link.command.1.tlog
c:\users\alex\documents\n-gon\n-gon\n-gon\debug\n-gon.tlog\link.read.1.tlog
c:\users\alex\documents\n-gon\n-gon\n-gon\debug\n-gon.tlog\link.write.1.tlog
c:\users\alex\documents\n-gon\n-gon\n-gon\debug\n-gon.tlog\n-gon.write.1u.tlog
